# JRE version: Java(TM) SE Runtime Environment (8.0_92-b14) (build 1.8.0_92-b14)
# Java VM: Java HotSpot(TM) Client VM (25.92-b14 mixed mode windows-x86 )
Heap:
 def new generation   total 39424K, used 2393K [0x05400000, 0x07ec0000, 0x0fea0000)
  eden space 35072K,   5% used [0x05400000, 0x055efc50, 0x07640000)
  from space 4352K,   9% used [0x07a80000, 0x07ae69f8, 0x07ec0000)
  to   space 4352K,   0% used [0x07640000, 0x07640000, 0x07a80000)
 tenured generation   total 87424K, used 31728K [0x0fea0000, 0x15400000, 0x25400000)
   the space 87424K,  36% used [0x0fea0000, 0x11d9c288, 0x11d9c400, 0x15400000)
 Metaspace       used 19747K, capacity 20200K, committed 20224K, reserved 20864K
GC Heap History (10 events):
Event: 3.069 GC heap before
{Heap before GC invocations=3 (full 1):
 def new generation   total 39424K, used 35072K [0x05400000, 0x07ec0000, 0x0fea0000)
  eden space 35072K, 100% used [0x05400000, 0x07640000, 0x07640000)
  from space 4352K,   0% used [0x07640000, 0x07640000, 0x07a80000)
  to   space 4352K,   0% used [0x07a80000, 0x07a80000, 0x07ec0000)
 tenured generation   total 87424K, used 14403K [0x0fea0000, 0x15400000, 0x25400000)
   the space 87424K,  16% used [0x0fea0000, 0x10cb0e08, 0x10cb1000, 0x15400000)
 Metaspace       used 15646K, capacity 16052K, committed 16128K, reserved 16768K
Event: 3.079 GC heap after
Heap after GC invocations=4 (full 1):
 def new generation   total 39424K, used 4352K [0x05400000, 0x07ec0000, 0x0fea0000)
  eden space 35072K,   0% used [0x05400000, 0x05400000, 0x07640000)
  from space 4352K, 100% used [0x07a80000, 0x07ec0000, 0x07ec0000)
  to   space 4352K,   0% used [0x07640000, 0x07640000, 0x07a80000)
 tenured generation   total 87424K, used 15632K [0x0fea0000, 0x15400000, 0x25400000)
   the space 87424K,  17% used [0x0fea0000, 0x10de41d0, 0x10de4200, 0x15400000)
 Metaspace       used 15646K, capacity 16052K, committed 16128K, reserved 16768K
}
Event: 65.249 GC heap before
{Heap before GC invocations=4 (full 1):
 def new generation   total 39424K, used 39424K [0x05400000, 0x07ec0000, 0x0fea0000)
  eden space 35072K, 100% used [0x05400000, 0x07640000, 0x07640000)
  from space 4352K, 100% used [0x07a80000, 0x07ec0000, 0x07ec0000)
  to   space 4352K,   0% used [0x07640000, 0x07640000, 0x07a80000)
 tenured generation   total 87424K, used 15632K [0x0fea0000, 0x15400000, 0x25400000)
   the space 87424K,  17% used [0x0fea0000, 0x10de41d0, 0x10de4200, 0x15400000)
 Metaspace       used 18536K, capacity 18993K, committed 19072K, reserved 19840K
Event: 65.267 GC heap after
Heap after GC invocations=5 (full 1):
 def new generation   total 39424K, used 4352K [0x05400000, 0x07ec0000, 0x0fea0000)
  eden space 35072K,   0% used [0x05400000, 0x05400000, 0x07640000)
  from space 4352K, 100% used [0x07640000, 0x07a80000, 0x07a80000)
  to   space 4352K,   0% used [0x07a80000, 0x07a80000, 0x07ec0000)
 tenured generation   total 87424K, used 24125K [0x0fea0000, 0x15400000, 0x25400000)
   the space 87424K,  27% used [0x0fea0000, 0x1162f798, 0x1162f800, 0x15400000)
 Metaspace       used 18536K, capacity 18993K, committed 19072K, reserved 19840K
}
Event: 140.259 GC heap before
{Heap before GC invocations=5 (full 1):
 def new generation   total 39424K, used 39424K [0x05400000, 0x07ec0000, 0x0fea0000)
  eden space 35072K, 100% used [0x05400000, 0x07640000, 0x07640000)
  from space 4352K, 100% used [0x07640000, 0x07a80000, 0x07a80000)
  to   space 4352K,   0% used [0x07a80000, 0x07a80000, 0x07ec0000)
 tenured generation   total 87424K, used 24125K [0x0fea0000, 0x15400000, 0x25400000)
   the space 87424K,  27% used [0x0fea0000, 0x1162f798, 0x1162f800, 0x15400000)
 Metaspace       used 19466K, capacity 19914K, committed 19968K, reserved 20864K
Event: 140.273 GC heap after
Heap after GC invocations=6 (full 1):
 def new generation   total 39424K, used 4122K [0x05400000, 0x07ec0000, 0x0fea0000)
  eden space 35072K,   0% used [0x05400000, 0x05400000, 0x07640000)
  from space 4352K,  94% used [0x07a80000, 0x07e86ac0, 0x07ec0000)
  to   space 4352K,   0% used [0x07640000, 0x07640000, 0x07a80000)
 tenured generation   total 87424K, used 27875K [0x0fea0000, 0x15400000, 0x25400000)
   the space 87424K,  31% used [0x0fea0000, 0x119d8c08, 0x119d8e00, 0x15400000)
 Metaspace       used 19466K, capacity 19914K, committed 19968K, reserved 20864K
}
Event: 171.391 GC heap before
{Heap before GC invocations=6 (full 1):
 def new generation   total 39424K, used 39194K [0x05400000, 0x07ec0000, 0x0fea0000)
  eden space 35072K, 100% used [0x05400000, 0x07640000, 0x07640000)
  from space 4352K,  94% used [0x07a80000, 0x07e86ac0, 0x07ec0000)
  to   space 4352K,   0% used [0x07640000, 0x07640000, 0x07a80000)
 tenured generation   total 87424K, used 27875K [0x0fea0000, 0x15400000, 0x25400000)
   the space 87424K,  31% used [0x0fea0000, 0x119d8c08, 0x119d8e00, 0x15400000)
 Metaspace       used 19687K, capacity 20168K, committed 20224K, reserved 20864K
Event: 171.402 GC heap after
Heap after GC invocations=7 (full 1):
 def new generation   total 39424K, used 2390K [0x05400000, 0x07ec0000, 0x0fea0000)
  eden space 35072K,   0% used [0x05400000, 0x05400000, 0x07640000)
  from space 4352K,  54% used [0x07640000, 0x078959d0, 0x07a80000)
  to   space 4352K,   0% used [0x07a80000, 0x07a80000, 0x07ec0000)
 tenured generation   total 87424K, used 30043K [0x0fea0000, 0x15400000, 0x25400000)
   the space 87424K,  34% used [0x0fea0000, 0x11bf6ea8, 0x11bf7000, 0x15400000)
 Metaspace       used 19687K, capacity 20168K, committed 20224K, reserved 20864K
}
Event: 2982.721 GC heap before
{Heap before GC invocations=7 (full 1):
 def new generation   total 39424K, used 37462K [0x05400000, 0x07ec0000, 0x0fea0000)
  eden space 35072K, 100% used [0x05400000, 0x07640000, 0x07640000)
  from space 4352K,  54% used [0x07640000, 0x078959d0, 0x07a80000)
  to   space 4352K,   0% used [0x07a80000, 0x07a80000, 0x07ec0000)
 tenured generation   total 87424K, used 30043K [0x0fea0000, 0x15400000, 0x25400000)
   the space 87424K,  34% used [0x0fea0000, 0x11bf6ea8, 0x11bf7000, 0x15400000)
 Metaspace       used 19747K, capacity 20200K, committed 20224K, reserved 20864K
Event: 2982.726 GC heap after
Heap after GC invocations=8 (full 1):
 def new generation   total 39424K, used 410K [0x05400000, 0x07ec0000, 0x0fea0000)
  eden space 35072K,   0% used [0x05400000, 0x05400000, 0x07640000)
  from space 4352K,   9% used [0x07a80000, 0x07ae69f8, 0x07ec0000)
  to   space 4352K,   0% used [0x07640000, 0x07640000, 0x07a80000)
 tenured generation   total 87424K, used 31728K [0x0fea0000, 0x15400000, 0x25400000)
   the space 87424K,  36% used [0x0fea0000, 0x11d9c288, 0x11d9c400, 0x15400000)
 Metaspace       used 19747K, capacity 20200K, committed 20224K, reserved 20864K
}

